Build started 01/04/2019 22:39:48.
     1>Project "C:\ProgModular\Modular\Trab1Modular\Trab1Modular\Trab1Modular.vcxproj" on node 2 (build target(s)).
     1>InitializeBuildStatus:
         Touching "Debug\Trab1Modular.unsuccessfulbuild".
       ClCompile:
         c:\Program Files (x86)\Microsoft Visual Studio 10.0\VC\bin\CL.exe /c /ZI /nologo /W3 /WX- /Od /Oy- /D WIN32 /D _DEBUG /D _CONSOLE /D _UNICODE /D UNICODE /Gm /EHsc /RTC1 /GS /fp:precise /Zc:wchar_t /Zc:forScope /Fo"Debug\\" /Fd"Debug\vc100.pdb" /Gd /TC /analyze- /errorReport:prompt ..\..\arcaboucoteste_2_02\simples\ARVORE.C ..\..\arcaboucoteste_2_02\simples\TESTARV.C
         TESTARV.C
     1>c:\progmodular\modular\arcaboucoteste_2_02\simples\arvore.h(254): error C2085: 'ARV_Printa' : not in formal parameter list
     1>c:\progmodular\modular\arcaboucoteste_2_02\simples\arvore.h(272): error C2085: 'ARV_ObterValorCorr' : not in formal parameter list
     1>c:\progmodular\modular\arcaboucoteste_2_02\simples\testarv.c(91): error C2082: redefinition of formal parameter 'TST_EfetuarComando'
     1>c:\progmodular\modular\arcaboucoteste_2_02\simples\testarv.c(91): error C2143: syntax error : missing ';' before '{'
     1>c:\progmodular\modular\arcaboucoteste_2_02\simples\testarv.c(107): error C2065: 'ComandoTeste' : undeclared identifier
     1>c:\progmodular\modular\arcaboucoteste_2_02\simples\testarv.c(107): warning C4047: 'function' : 'const char *' differs in levels of indirection from 'int'
     1>c:\progmodular\modular\arcaboucoteste_2_02\simples\testarv.c(107): warning C4024: 'strcmp' : different types for formal and actual parameter 1
     1>c:\progmodular\modular\arcaboucoteste_2_02\simples\testarv.c(126): error C2065: 'ComandoTeste' : undeclared identifier
     1>c:\progmodular\modular\arcaboucoteste_2_02\simples\testarv.c(126): warning C4047: 'function' : 'const char *' differs in levels of indirection from 'int'
     1>c:\progmodular\modular\arcaboucoteste_2_02\simples\testarv.c(126): warning C4024: 'strcmp' : different types for formal and actual parameter 1
     1>c:\progmodular\modular\arcaboucoteste_2_02\simples\testarv.c(145): error C2065: 'ComandoTeste' : undeclared identifier
     1>c:\progmodular\modular\arcaboucoteste_2_02\simples\testarv.c(145): warning C4047: 'function' : 'const char *' differs in levels of indirection from 'int'
     1>c:\progmodular\modular\arcaboucoteste_2_02\simples\testarv.c(145): warning C4024: 'strcmp' : different types for formal and actual parameter 1
     1>c:\progmodular\modular\arcaboucoteste_2_02\simples\testarv.c(164): error C2065: 'ComandoTeste' : undeclared identifier
     1>c:\progmodular\modular\arcaboucoteste_2_02\simples\testarv.c(164): warning C4047: 'function' : 'const char *' differs in levels of indirection from 'int'
     1>c:\progmodular\modular\arcaboucoteste_2_02\simples\testarv.c(164): warning C4024: 'strcmp' : different types for formal and actual parameter 1
     1>c:\progmodular\modular\arcaboucoteste_2_02\simples\testarv.c(183): error C2065: 'ComandoTeste' : undeclared identifier
     1>c:\progmodular\modular\arcaboucoteste_2_02\simples\testarv.c(183): warning C4047: 'function' : 'const char *' differs in levels of indirection from 'int'
     1>c:\progmodular\modular\arcaboucoteste_2_02\simples\testarv.c(183): warning C4024: 'strcmp' : different types for formal and actual parameter 1
     1>c:\progmodular\modular\arcaboucoteste_2_02\simples\testarv.c(202): error C2065: 'ComandoTeste' : undeclared identifier
     1>c:\progmodular\modular\arcaboucoteste_2_02\simples\testarv.c(202): warning C4047: 'function' : 'const char *' differs in levels of indirection from 'int'
     1>c:\progmodular\modular\arcaboucoteste_2_02\simples\testarv.c(202): warning C4024: 'strcmp' : different types for formal and actual parameter 1
     1>c:\progmodular\modular\arcaboucoteste_2_02\simples\testarv.c(221): error C2065: 'ComandoTeste' : undeclared identifier
     1>c:\progmodular\modular\arcaboucoteste_2_02\simples\testarv.c(221): warning C4047: 'function' : 'const char *' differs in levels of indirection from 'int'
     1>c:\progmodular\modular\arcaboucoteste_2_02\simples\testarv.c(221): warning C4024: 'strcmp' : different types for formal and actual parameter 1
     1>c:\progmodular\modular\arcaboucoteste_2_02\simples\testarv.c(231): warning C4013: 'ARV_ObterValorCorr' undefined; assuming extern returning int
     1>c:\progmodular\modular\arcaboucoteste_2_02\simples\testarv.c(248): error C2065: 'ComandoTeste' : undeclared identifier
     1>c:\progmodular\modular\arcaboucoteste_2_02\simples\testarv.c(248): warning C4047: 'function' : 'const char *' differs in levels of indirection from 'int'
     1>c:\progmodular\modular\arcaboucoteste_2_02\simples\testarv.c(248): warning C4024: 'strcmp' : different types for formal and actual parameter 1
     1>c:\progmodular\modular\arcaboucoteste_2_02\simples\testarv.c(266): error C2065: 'ComandoTeste' : undeclared identifier
     1>c:\progmodular\modular\arcaboucoteste_2_02\simples\testarv.c(266): warning C4047: 'function' : 'const char *' differs in levels of indirection from 'int'
     1>c:\progmodular\modular\arcaboucoteste_2_02\simples\testarv.c(266): warning C4024: 'strcmp' : different types for formal and actual parameter 1
     1>c:\progmodular\modular\arcaboucoteste_2_02\simples\testarv.c(275): warning C4013: 'ARV_Printa' undefined; assuming extern returning int
     1>c:\progmodular\modular\arcaboucoteste_2_02\simples\testarv.c(284): error C2065: 'ComandoTeste' : undeclared identifier
     1>c:\progmodular\modular\arcaboucoteste_2_02\simples\testarv.c(284): warning C4047: 'function' : 'const char *' differs in levels of indirection from 'int'
     1>c:\progmodular\modular\arcaboucoteste_2_02\simples\testarv.c(284): warning C4024: 'strcmp' : different types for formal and actual parameter 1
     1>c:\progmodular\modular\arcaboucoteste_2_02\simples\testarv.c(303): error C2065: 'ComandoTeste' : undeclared identifier
     1>c:\progmodular\modular\arcaboucoteste_2_02\simples\testarv.c(303): warning C4047: 'function' : 'const char *' differs in levels of indirection from 'int'
     1>c:\progmodular\modular\arcaboucoteste_2_02\simples\testarv.c(303): warning C4024: 'strcmp' : different types for formal and actual parameter 1
         ARVORE.C
     1>c:\progmodular\modular\arcaboucoteste_2_02\simples\arvore.h(254): error C2085: 'ARV_Printa' : not in formal parameter list
     1>c:\progmodular\modular\arcaboucoteste_2_02\simples\arvore.h(272): error C2085: 'ARV_ObterValorCorr' : not in formal parameter list
     1>c:\progmodular\modular\arcaboucoteste_2_02\simples\arvore.c(74): error C2085: 'tpNoArvore' : not in formal parameter list
     1>c:\progmodular\modular\arcaboucoteste_2_02\simples\arvore.c(91): error C2016: C requires that a struct or union has at least one member
     1>c:\progmodular\modular\arcaboucoteste_2_02\simples\arvore.c(91): error C2061: syntax error : identifier 'tpNoArvore'
     1>c:\progmodular\modular\arcaboucoteste_2_02\simples\arvore.c(94): error C2143: syntax error : missing '{' before '*'
     1>c:\progmodular\modular\arcaboucoteste_2_02\simples\arvore.c(97): error C2059: syntax error : '}'
     1>c:\progmodular\modular\arcaboucoteste_2_02\simples\arvore.c(111): error C2016: C requires that a struct or union has at least one member
     1>c:\progmodular\modular\arcaboucoteste_2_02\simples\arvore.c(111): error C2061: syntax error : identifier 'tpNoArvore'
     1>c:\progmodular\modular\arcaboucoteste_2_02\simples\arvore.c(112): error C2143: syntax error : missing '{' before '*'
     1>c:\progmodular\modular\arcaboucoteste_2_02\simples\arvore.c(112): error C2086: 'int *pNoCorr' : redefinition
                 c:\progmodular\modular\arcaboucoteste_2_02\simples\arvore.c(94) : see declaration of 'pNoCorr'
     1>c:\progmodular\modular\arcaboucoteste_2_02\simples\arvore.c(113): error C2059: syntax error : '}'
     1>c:\progmodular\modular\arcaboucoteste_2_02\simples\arvore.c(133): error C2143: syntax error : missing '{' before '*'
     1>c:\progmodular\modular\arcaboucoteste_2_02\simples\arvore.c(136): error C2143: syntax error : missing '{' before '*'
     1>c:\progmodular\modular\arcaboucoteste_2_02\simples\arvore.c(140): error C2143: syntax error : missing '{' before '*'
     1>c:\progmodular\modular\arcaboucoteste_2_02\simples\arvore.c(144): error C2143: syntax error : missing ')' before '*'
     1>c:\progmodular\modular\arcaboucoteste_2_02\simples\arvore.c(144): error C2143: syntax error : missing '{' before '*'
     1>c:\progmodular\modular\arcaboucoteste_2_02\simples\arvore.c(144): error C2059: syntax error : ')'
     1>c:\progmodular\modular\arcaboucoteste_2_02\simples\arvore.c(160): error C2065: 'tpArvore' : undeclared identifier
     1>c:\progmodular\modular\arcaboucoteste_2_02\simples\arvore.c(160): error C2059: syntax error : ')'
     1>c:\progmodular\modular\arcaboucoteste_2_02\simples\arvore.c(166): error C2223: left of '->pNoRaiz' must point to struct/union
     1>c:\progmodular\modular\arcaboucoteste_2_02\simples\arvore.c(167): error C2223: left of '->pNoCorr' must point to struct/union
     1>c:\progmodular\modular\arcaboucoteste_2_02\simples\arvore.c(176): error C2143: syntax error : missing ')' before '*'
     1>c:\progmodular\modular\arcaboucoteste_2_02\simples\arvore.c(176): error C2143: syntax error : missing '{' before '*'
     1>c:\progmodular\modular\arcaboucoteste_2_02\simples\arvore.c(176): error C2059: syntax error : 'type'
     1>c:\progmodular\modular\arcaboucoteste_2_02\simples\arvore.c(176): error C2059: syntax error : ')'
     1>c:\progmodular\modular\arcaboucoteste_2_02\simples\arvore.c(198): error C2084: function 'ARV_tpCondRet ARV_Faz_Lista(int,int,int)' already has a body
                 c:\progmodular\modular\arcaboucoteste_2_02\simples\arvore.h(237) : see previous definition of 'ARV_Faz_Lista'
     1>c:\progmodular\modular\arcaboucoteste_2_02\simples\arvore.c(201): error C2223: left of '->pNoCorr' must point to struct/union
     1>c:\progmodular\modular\arcaboucoteste_2_02\simples\arvore.c(203): warning C4013: 'fazLista' undefined; assuming extern returning int
     1>c:\progmodular\modular\arcaboucoteste_2_02\simples\arvore.c(203): error C2223: left of '->pNoIni' must point to struct/union
     1>c:\progmodular\modular\arcaboucoteste_2_02\simples\arvore.c(222): error C2143: syntax error : missing ')' before '*'
     1>c:\progmodular\modular\arcaboucoteste_2_02\simples\arvore.c(222): error C2143: syntax error : missing '{' before '*'
     1>c:\progmodular\modular\arcaboucoteste_2_02\simples\arvore.c(222): error C2143: syntax error : missing ';' before '*'
     1>c:\progmodular\modular\arcaboucoteste_2_02\simples\arvore.c(222): error C2059: syntax error : ')'
     1>c:\progmodular\modular\arcaboucoteste_2_02\simples\arvore.c(223): error C2054: expected '(' to follow 'b'
     1>c:\progmodular\modular\arcaboucoteste_2_02\simples\arvore.c(245): error C2143: syntax error : missing ')' before '*'
     1>c:\progmodular\modular\arcaboucoteste_2_02\simples\arvore.c(245): error C2143: syntax error : missing '{' before '*'
     1>c:\progmodular\modular\arcaboucoteste_2_02\simples\arvore.c(245): error C2059: syntax error : ')'
     1>c:\progmodular\modular\arcaboucoteste_2_02\simples\arvore.c(246): error C2054: expected '(' to follow 'start'
     1>c:\progmodular\modular\arcaboucoteste_2_02\simples\arvore.c(271): error C2143: syntax error : missing ')' before '*'
     1>c:\progmodular\modular\arcaboucoteste_2_02\simples\arvore.c(271): error C2143: syntax error : missing '{' before '*'
     1>c:\progmodular\modular\arcaboucoteste_2_02\simples\arvore.c(271): error C2059: syntax error : ')'
     1>c:\progmodular\modular\arcaboucoteste_2_02\simples\arvore.c(272): error C2054: expected '(' to follow 'pNo'
     1>c:\progmodular\modular\arcaboucoteste_2_02\simples\arvore.c(310): error C2223: left of '->pNoCorr' must point to struct/union
     1>c:\progmodular\modular\arcaboucoteste_2_02\simples\arvore.c(312): warning C4013: 'Costura' undefined; assuming extern returning int
     1>c:\progmodular\modular\arcaboucoteste_2_02\simples\arvore.c(312): error C2223: left of '->pNoRaiz' must point to struct/union
     1>c:\progmodular\modular\arcaboucoteste_2_02\simples\arvore.c(318): warning C4013: 'Ajeita_Lista' undefined; assuming extern returning int
     1>c:\progmodular\modular\arcaboucoteste_2_02\simples\arvore.c(318): error C2223: left of '->pNoIni' must point to struct/union
     1>c:\progmodular\modular\arcaboucoteste_2_02\simples\arvore.c(338): error C2223: left of '->pNoRaiz' must point to struct/union
     1>c:\progmodular\modular\arcaboucoteste_2_02\simples\arvore.c(340): warning C4013: 'DestroiArvore' undefined; assuming extern returning int
     1>c:\progmodular\modular\arcaboucoteste_2_02\simples\arvore.c(340): error C2223: left of '->pNoRaiz' must point to struct/union
     1>c:\progmodular\modular\arcaboucoteste_2_02\simples\arvore.c(354): error C2297: '*' : illegal, right operand has type 'int *'
     1>c:\progmodular\modular\arcaboucoteste_2_02\simples\arvore.c(354): error C2223: left of '->pNoIni' must point to struct/union
     1>c:\progmodular\modular\arcaboucoteste_2_02\simples\arvore.c(358): error C2223: left of '->Valor' must point to struct/union
     1>c:\progmodular\modular\arcaboucoteste_2_02\simples\arvore.c(359): error C2223: left of '->pNoCostura' must point to struct/union
     1>c:\progmodular\modular\arcaboucoteste_2_02\simples\arvore.c(361): error C2223: left of '->pNoIni' must point to struct/union
     1>c:\progmodular\modular\arcaboucoteste_2_02\simples\arvore.c(365): error C2223: left of '->Valor' must point to struct/union
     1>c:\progmodular\modular\arcaboucoteste_2_02\simples\arvore.c(365): error C2223: left of '->pNoLista' must point to struct/union
     1>c:\progmodular\modular\arcaboucoteste_2_02\simples\arvore.c(365): error C2223: left of '->pNoLista' must point to struct/union
     1>c:\progmodular\modular\arcaboucoteste_2_02\simples\arvore.c(366): error C2223: left of '->pNoLista' must point to struct/union
     1>c:\progmodular\modular\arcaboucoteste_2_02\simples\arvore.c(367): error C2223: left of '->pNoCostura' must point to struct/union
     1>c:\progmodular\modular\arcaboucoteste_2_02\simples\arvore.c(375): error C2223: left of '->pNoCorr' must point to struct/union
     1>c:\progmodular\modular\arcaboucoteste_2_02\simples\arvore.c(399): error C2065: 'pCorr' : undeclared identifier
     1>c:\progmodular\modular\arcaboucoteste_2_02\simples\arvore.c(399): warning C4552: '*' : operator has no effect; expected operator with side-effect
     1>c:\progmodular\modular\arcaboucoteste_2_02\simples\arvore.c(400): error C2297: '*' : illegal, right operand has type 'int *'
     1>c:\progmodular\modular\arcaboucoteste_2_02\simples\arvore.c(412): error C2065: 'pCorr' : undeclared identifier
     1>c:\progmodular\modular\arcaboucoteste_2_02\simples\arvore.c(412): error C2223: left of '->pNoCorr' must point to struct/union
     1>c:\progmodular\modular\arcaboucoteste_2_02\simples\arvore.c(413): error C2065: 'pCorr' : undeclared identifier
     1>c:\progmodular\modular\arcaboucoteste_2_02\simples\arvore.c(413): warning C4047: '==' : 'int' differs in levels of indirection from 'void *'
     1>c:\progmodular\modular\arcaboucoteste_2_02\simples\arvore.c(418): error C2065: 'pCorr' : undeclared identifier
     1>c:\progmodular\modular\arcaboucoteste_2_02\simples\arvore.c(418): error C2223: left of '->pNoEsq' must point to struct/union
     1>c:\progmodular\modular\arcaboucoteste_2_02\simples\arvore.c(425): error C2223: left of '->pNoPai' must point to struct/union
     1>c:\progmodular\modular\arcaboucoteste_2_02\simples\arvore.c(425): error C2065: 'pCorr' : undeclared identifier
     1>c:\progmodular\modular\arcaboucoteste_2_02\simples\arvore.c(426): error C2065: 'pCorr' : undeclared identifier
     1>c:\progmodular\modular\arcaboucoteste_2_02\simples\arvore.c(426): error C2223: left of '->pNoEsq' must point to struct/union
     1>c:\progmodular\modular\arcaboucoteste_2_02\simples\arvore.c(427): error C2223: left of '->pNoCorr' must point to struct/union
     1>c:\progmodular\modular\arcaboucoteste_2_02\simples\arvore.c(448): error C2065: 'pCorr' : undeclared identifier
     1>c:\progmodular\modular\arcaboucoteste_2_02\simples\arvore.c(448): warning C4552: '*' : operator has no effect; expected operator with side-effect
     1>c:\progmodular\modular\arcaboucoteste_2_02\simples\arvore.c(449): error C2297: '*' : illegal, right operand has type 'int *'
     1>c:\progmodular\modular\arcaboucoteste_2_02\simples\arvore.c(461): error C2065: 'pCorr' : undeclared identifier
     1>c:\progmodular\modular\arcaboucoteste_2_02\simples\arvore.c(461): error C2223: left of '->pNoCorr' must point to struct/union
     1>c:\progmodular\modular\arcaboucoteste_2_02\simples\arvore.c(462): error C2065: 'pCorr' : undeclared identifier
     1>c:\progmodular\modular\arcaboucoteste_2_02\simples\arvore.c(462): warning C4047: '==' : 'int' differs in levels of indirection from 'void *'
     1>c:\progmodular\modular\arcaboucoteste_2_02\simples\arvore.c(467): error C2065: 'pCorr' : undeclared identifier
     1>c:\progmodular\modular\arcaboucoteste_2_02\simples\arvore.c(467): error C2223: left of '->pNoDir' must point to struct/union
     1>c:\progmodular\modular\arcaboucoteste_2_02\simples\arvore.c(474): error C2223: left of '->pNoPai' must point to struct/union
     1>c:\progmodular\modular\arcaboucoteste_2_02\simples\arvore.c(474): error C2065: 'pCorr' : undeclared identifier
     1>c:\progmodular\modular\arcaboucoteste_2_02\simples\arvore.c(475): error C2065: 'pCorr' : undeclared identifier
     1>c:\progmodular\modular\arcaboucoteste_2_02\simples\arvore.c(475): error C2223: left of '->pNoDir' must point to struct/union
     1>c:\progmodular\modular\arcaboucoteste_2_02\simples\arvore.c(476): error C2223: left of '->pNoCorr' must point to struct/union
     1>c:\progmodular\modular\arcaboucoteste_2_02\simples\arvore.c(499): error C2223: left of '->pNoCorr' must point to struct/union
     1>c:\progmodular\modular\arcaboucoteste_2_02\simples\arvore.c(504): error C2223: left of '->pNoCorr' must point to struct/union
     1>c:\progmodular\modular\arcaboucoteste_2_02\simples\arvore.c(506): error C2223: left of '->pNoCorr' must point to struct/union
     1>c:\progmodular\modular\arcaboucoteste_2_02\simples\arvore.c(506): error C2223: left of '->pNoCorr' must point to struct/union
     1>c:\progmodular\modular\arcaboucoteste_2_02\simples\arvore.c(527): error C2223: left of '->pNoCorr' must point to struct/union
     1>c:\progmodular\modular\arcaboucoteste_2_02\simples\arvore.c(532): error C2223: left of '->pNoCorr' must point to struct/union
     1>c:\progmodular\modular\arcaboucoteste_2_02\simples\arvore.c(537): error C2223: left of '->pNoCorr' must point to struct/union
     1>c:\progmodular\modular\arcaboucoteste_2_02\simples\arvore.c(537): error C2223: left of '->pNoCorr' must point to struct/union
     1>c:\progmodular\modular\arcaboucoteste_2_02\simples\arvore.c(555): error C2223: left of '->pNoCorr' must point to struct/union
     1>c:\progmodular\modular\arcaboucoteste_2_02\simples\arvore.c(560): error C2223: left of '->pNoCorr' must point to struct/union
     1>c:\progmodular\modular\arcaboucoteste_2_02\simples\arvore.c(565): error C2223: left of '->pNoCorr' must point to struct/union
     1>c:\progmodular\modular\arcaboucoteste_2_02\simples\arvore.c(565): error C2223: left of '->pNoCorr' must point to struct/union
     1>c:\progmodular\modular\arcaboucoteste_2_02\simples\arvore.c(582): error C2223: left of '->pNoCorr' must point to struct/union
     1>c:\progmodular\modular\arcaboucoteste_2_02\simples\arvore.c(586): error C2223: left of '->pNoCorr' must point to struct/union
     1>c:\progmodular\modular\arcaboucoteste_2_02\simples\arvore.c(608): error C2143: syntax error : missing '{' before '*'
     1>c:\progmodular\modular\arcaboucoteste_2_02\simples\arvore.c(611): error C2297: '*' : illegal, right operand has type 'int *'
     1>c:\progmodular\modular\arcaboucoteste_2_02\simples\arvore.c(613): error C2059: syntax error : ')'
     1>c:\progmodular\modular\arcaboucoteste_2_02\simples\arvore.c(619): error C2223: left of '->pNoPai' must point to struct/union
     1>c:\progmodular\modular\arcaboucoteste_2_02\simples\arvore.c(620): error C2223: left of '->pNoEsq' must point to struct/union
     1>c:\progmodular\modular\arcaboucoteste_2_02\simples\arvore.c(620): fatal error C1003: error count exceeds 100; stopping compilation
         Generating Code...
     1>Done Building Project "C:\ProgModular\Modular\Trab1Modular\Trab1Modular\Trab1Modular.vcxproj" (build target(s)) -- FAILED.

Build FAILED.

Time Elapsed 00:00:01.21
